3-2 : 3-
5-3 : 5-4
6-3 : 6-2
7-3 : 7-2
8-1 : 8-
11-3 : 11-2
12-2 : 12-
13-1 : 13-
17-1 : 17-2
18-2 : 18-3
20-3 : 20-2
21-1 : 21-3
23-2 : 23-
24-2 : 24-3
25-3 : 25-2
27-2 : 27-3
28-3 : 28-1
29-2 : 29-1
30-1 : 30-3
31-1 : 31-3
32-1 : 32-3
33-3 : 33-2
35-3 : 35-1
37-1 : 37-4
39-1 : 39-3
40-4 : 40-2
41-2 : 41-3
42-4 : 42-1
45-3 : 45-1
47-2 : 47-1
48-2 : 48-4
49-1 : 49-4
51-4 : 51-3
53-1 : 53-4
54-2 : 54-
55-2 : 55-
56-2 : 56-
57-3 : 57-
58-4 : 58-
59-4 : 59-1
60-3 : 60-
63-1 : 63-
64-4 : 64-
66-3 : 66-4
67-1 : 67-
68-3 : 68-2
70-2 : 70-4
72-3 : 72-1
73-2 : 73-3
74-2 : 74-4
75-4 : 75-3
76-3 : 76-
77-2 : 77-
78-3 : 78-
79-4 : 79-
80-2 : 80-1
83-4 : 83-1
84-2 : 84-
86-1 : 86-3
87-2 : 87-
88-4 : 88-2
92-2 : 92-
93-3 : 93-
95-3 : 95-4
96-1 : 96-2
97-4 : 97-
98-3 : 98-1
106-1 : 106-2
107-3 : 107-2
108-4 : 108-3
111-3 : 111-1
115-3 : 115-1
116-1 : 116-3
119-3 : 119-2
121-1 : 121-2
122-3 : 122-2
123-2 : 123-3
125-4 : 125-2
126-3 : 126-4
127-1 : 127-3
128-2 : 128-1
129-1 : 129-2
130-3 : 130-1
133-3 : 133-2
134-1 : 134-3
137-4 : 137-1
138-4 : 138-1
139-4 : 139-2
141-3 : 141-1
142-1 : 142-4
143-4 : 143-3
144-1 : 144-4
145-2 : 145-4
146-1 : 146-4
147-1 : 147-2
151-3 : 151-1
152-2 : 152-3
153-1 : 153-2
155-1 : 155-3
159-3 : 159-2
160-4 : 160-2
161-3 : 161-4
162-2 : 162-3
163-4 : 163-3
164-4 : 164-1
165-4 : 165-2
168-4 : 168-1
169-2 : 169-4
170-1 : 170-3
174-3 : 174-
175-2 : 175-1
179-3 : 179-4
181-3 : 181-4
182-4 : 182-2
184-2 : 184-4
186-4 : 186-
LISTENINGは問題数:100  正答数:33です。
100-1
READINGは問題数:100  正答数:37です。
186-
